Analysis & Synthesis report for ETAGE_EXECUTE
Wed Nov 22 23:04:07 2023
Quartus Prime Version 20.1.1 Build 720 11/11/2020 SJ Lite Edition


---------------------
; Table of Contents ;
---------------------
  1. Legal Notice
  2. Analysis & Synthesis Summary
  3. Analysis & Synthesis Settings
  4. Parallel Compilation
  5. Analysis & Synthesis Source Files Read
  6. Analysis & Synthesis Resource Usage Summary
  7. Analysis & Synthesis Resource Utilization by Entity
  8. User-Specified and Inferred Latches
  9. General Register Statistics
 10. Multiplexer Restructuring Statistics (Restructuring Performed)
 11. Parameter Settings for User Entity Instance: MUX31:MUX31_A
 12. Parameter Settings for User Entity Instance: MUX31:MUX31_B
 13. Parameter Settings for User Entity Instance: MUX21:MUX21_ADDR
 14. Parameter Settings for User Entity Instance: MUX21:MUX21_DATA
 15. Port Connectivity Checks: "ALU_MIPS1:ALU"
 16. Post-Synthesis Netlist Statistics for Top Partition
 17. Elapsed Time Per Partition
 18. Analysis & Synthesis Messages



----------------
; Legal Notice ;
----------------
Copyright (C) 2020  Intel Corporation. All rights reserved.
Your use of Intel Corporation's design tools, logic functions 
and other software and tools, and any partner logic 
functions, and any output files from any of the foregoing 
(including device programming or simulation files), and any 
associated documentation or information are expressly subject 
to the terms and conditions of the Intel Program License 
Subscription Agreement, the Intel Quartus Prime License Agreement,
the Intel FPGA IP License Agreement, or other applicable license
agreement, including, without limitation, that your use is for
the sole purpose of programming logic devices manufactured by
Intel and sold by Intel or its authorized distributors.  Please
refer to the applicable agreement for further details, at
https://fpgasoftware.intel.com/eula.



+-------------------------------------------------------------------------------+
; Analysis & Synthesis Summary                                                  ;
+---------------------------------+---------------------------------------------+
; Analysis & Synthesis Status     ; Successful - Wed Nov 22 23:04:07 2023       ;
; Quartus Prime Version           ; 20.1.1 Build 720 11/11/2020 SJ Lite Edition ;
; Revision Name                   ; ETAGE_EXECUTE                               ;
; Top-level Entity Name           ; ETAGE_EXECUTE                               ;
; Family                          ; Cyclone V                                   ;
; Logic utilization (in ALMs)     ; N/A                                         ;
; Total registers                 ; 0                                           ;
; Total pins                      ; 266                                         ;
; Total virtual pins              ; 0                                           ;
; Total block memory bits         ; 0                                           ;
; Total DSP Blocks                ; 0                                           ;
; Total HSSI RX PCSs              ; 0                                           ;
; Total HSSI PMA RX Deserializers ; 0                                           ;
; Total HSSI TX PCSs              ; 0                                           ;
; Total HSSI PMA TX Serializers   ; 0                                           ;
; Total PLLs                      ; 0                                           ;
; Total DLLs                      ; 0                                           ;
+---------------------------------+---------------------------------------------+


+---------------------------------------------------------------------------------------------------------------------------+
; Analysis & Synthesis Settings                                                                                             ;
+---------------------------------------------------------------------------------+--------------------+--------------------+
; Option                                                                          ; Setting            ; Default Value      ;
+---------------------------------------------------------------------------------+--------------------+--------------------+
; Device                                                                          ; 5CSXFC6D6F31C6     ;                    ;
; Top-level entity name                                                           ; ETAGE_EXECUTE      ; ETAGE_EXECUTE      ;
; Family name                                                                     ; Cyclone V          ; Cyclone V          ;
; Use smart compilation                                                           ; Off                ; Off                ;
; Enable parallel Assembler and Timing Analyzer during compilation                ; On                 ; On                 ;
; Enable compact report table                                                     ; Off                ; Off                ;
; Restructure Multiplexers                                                        ; Auto               ; Auto               ;
; MLAB Add Timing Constraints For Mixed-Port Feed-Through Mode Setting Don't Care ; Off                ; Off                ;
; Create Debugging Nodes for IP Cores                                             ; Off                ; Off                ;
; Preserve fewer node names                                                       ; On                 ; On                 ;
; Intel FPGA IP Evaluation Mode                                                   ; Enable             ; Enable             ;
; Verilog Version                                                                 ; Verilog_2001       ; Verilog_2001       ;
; VHDL Version                                                                    ; VHDL_1993          ; VHDL_1993          ;
; State Machine Processing                                                        ; Auto               ; Auto               ;
; Safe State Machine                                                              ; Off                ; Off                ;
; Extract Verilog State Machines                                                  ; On                 ; On                 ;
; Extract VHDL State Machines                                                     ; On                 ; On                 ;
; Ignore Verilog initial constructs                                               ; Off                ; Off                ;
; Iteration limit for constant Verilog loops                                      ; 5000               ; 5000               ;
; Iteration limit for non-constant Verilog loops                                  ; 250                ; 250                ;
; Add Pass-Through Logic to Inferred RAMs                                         ; On                 ; On                 ;
; Infer RAMs from Raw Logic                                                       ; On                 ; On                 ;
; Parallel Synthesis                                                              ; On                 ; On                 ;
; DSP Block Balancing                                                             ; Auto               ; Auto               ;
; NOT Gate Push-Back                                                              ; On                 ; On                 ;
; Power-Up Don't Care                                                             ; On                 ; On                 ;
; Remove Redundant Logic Cells                                                    ; Off                ; Off                ;
; Remove Duplicate Registers                                                      ; On                 ; On                 ;
; Ignore CARRY Buffers                                                            ; Off                ; Off                ;
; Ignore CASCADE Buffers                                                          ; Off                ; Off                ;
; Ignore GLOBAL Buffers                                                           ; Off                ; Off                ;
; Ignore ROW GLOBAL Buffers                                                       ; Off                ; Off                ;
; Ignore LCELL Buffers                                                            ; Off                ; Off                ;
; Ignore SOFT Buffers                                                             ; On                 ; On                 ;
; Limit AHDL Integers to 32 Bits                                                  ; Off                ; Off                ;
; Optimization Technique                                                          ; Balanced           ; Balanced           ;
; Carry Chain Length                                                              ; 70                 ; 70                 ;
; Auto Carry Chains                                                               ; On                 ; On                 ;
; Auto Open-Drain Pins                                                            ; On                 ; On                 ;
; Perform WYSIWYG Primitive Resynthesis                                           ; Off                ; Off                ;
; Auto ROM Replacement                                                            ; On                 ; On                 ;
; Auto RAM Replacement                                                            ; On                 ; On                 ;
; Auto DSP Block Replacement                                                      ; On                 ; On                 ;
; Auto Shift Register Replacement                                                 ; Auto               ; Auto               ;
; Allow Shift Register Merging across Hierarchies                                 ; Auto               ; Auto               ;
; Auto Clock Enable Replacement                                                   ; On                 ; On                 ;
; Strict RAM Replacement                                                          ; Off                ; Off                ;
; Allow Synchronous Control Signals                                               ; On                 ; On                 ;
; Force Use of Synchronous Clear Signals                                          ; Off                ; Off                ;
; Auto Resource Sharing                                                           ; Off                ; Off                ;
; Allow Any RAM Size For Recognition                                              ; Off                ; Off                ;
; Allow Any ROM Size For Recognition                                              ; Off                ; Off                ;
; Allow Any Shift Register Size For Recognition                                   ; Off                ; Off                ;
; Use LogicLock Constraints during Resource Balancing                             ; On                 ; On                 ;
; Ignore translate_off and synthesis_off directives                               ; Off                ; Off                ;
; Timing-Driven Synthesis                                                         ; On                 ; On                 ;
; Report Parameter Settings                                                       ; On                 ; On                 ;
; Report Source Assignments                                                       ; On                 ; On                 ;
; Report Connectivity Checks                                                      ; On                 ; On                 ;
; Ignore Maximum Fan-Out Assignments                                              ; Off                ; Off                ;
; Synchronization Register Chain Length                                           ; 3                  ; 3                  ;
; Power Optimization During Synthesis                                             ; Normal compilation ; Normal compilation ;
; HDL message level                                                               ; Level2             ; Level2             ;
; Suppress Register Optimization Related Messages                                 ; Off                ; Off                ;
; Number of Removed Registers Reported in Synthesis Report                        ; 5000               ; 5000               ;
; Number of Swept Nodes Reported in Synthesis Report                              ; 5000               ; 5000               ;
; Number of Inverted Registers Reported in Synthesis Report                       ; 100                ; 100                ;
; Clock MUX Protection                                                            ; On                 ; On                 ;
; Auto Gated Clock Conversion                                                     ; Off                ; Off                ;
; Block Design Naming                                                             ; Auto               ; Auto               ;
; SDC constraint protection                                                       ; Off                ; Off                ;
; Synthesis Effort                                                                ; Auto               ; Auto               ;
; Shift Register Replacement - Allow Asynchronous Clear Signal                    ; On                 ; On                 ;
; Pre-Mapping Resynthesis Optimization                                            ; Off                ; Off                ;
; Analysis & Synthesis Message Level                                              ; Medium             ; Medium             ;
; Disable Register Merging Across Hierarchies                                     ; Auto               ; Auto               ;
; Resource Aware Inference For Block RAM                                          ; On                 ; On                 ;
; Automatic Parallel Synthesis                                                    ; On                 ; On                 ;
; Partial Reconfiguration Bitstream ID                                            ; Off                ; Off                ;
+---------------------------------------------------------------------------------+--------------------+--------------------+


+------------------------------------------+
; Parallel Compilation                     ;
+----------------------------+-------------+
; Processors                 ; Number      ;
+----------------------------+-------------+
; Number detected on machine ; 8           ;
; Maximum allowed            ; 4           ;
;                            ;             ;
; Average used               ; 1.00        ;
; Maximum used               ; 4           ;
;                            ;             ;
; Usage by Processor         ; % Time Used ;
;     Processor 1            ; 100.0%      ;
;     Processor 2            ;   0.0%      ;
;     Processors 3-4         ;   0.0%      ;
+----------------------------+-------------+


+----------------------------------------------------------------------------------------------------------------------------------------------------------------------+
; Analysis & Synthesis Source Files Read                                                                                                                               ;
+-----------------------------------------+-----------------+-----------------+------------------------------------------------------------------------------+---------+
; File Name with User-Entered Path        ; Used in Netlist ; File Type       ; File Name with Absolute Path                                                 ; Library ;
+-----------------------------------------+-----------------+-----------------+------------------------------------------------------------------------------+---------+
; ../MUX31/src/MUX31.vhd                  ; yes             ; User VHDL File  ; C:/Users/LENOVO/Desktop/Nabil/MIPS_VHDL/MUX31/src/MUX31.vhd                  ;         ;
; ../MUX21/src/MUX21.vhd                  ; yes             ; User VHDL File  ; C:/Users/LENOVO/Desktop/Nabil/MIPS_VHDL/MUX21/src/MUX21.vhd                  ;         ;
; ../EX_FORWORDING/src/EX_FORWARDING1.vhd ; yes             ; User VHDL File  ; C:/Users/LENOVO/Desktop/Nabil/MIPS_VHDL/EX_FORWORDING/src/EX_FORWARDING1.vhd ;         ;
; ../ALU/src/ALU_MIPS1.vhd                ; yes             ; User VHDL File  ; C:/Users/LENOVO/Desktop/Nabil/MIPS_VHDL/ALU/src/ALU_MIPS1.vhd                ;         ;
; ../ALU_DECODER/src/ALU_DECODER.vhd      ; yes             ; User VHDL File  ; C:/Users/LENOVO/Desktop/Nabil/MIPS_VHDL/ALU_DECODER/src/ALU_DECODER.vhd      ;         ;
; src/ETAGE_EXECUTE.vhd                   ; yes             ; User VHDL File  ; C:/Users/LENOVO/Desktop/Nabil/MIPS_VHDL/ETAGE_EXECUTE/src/ETAGE_EXECUTE.vhd  ;         ;
+-----------------------------------------+-----------------+-----------------+------------------------------------------------------------------------------+---------+


+-------------------------------------------------------------+
; Analysis & Synthesis Resource Usage Summary                 ;
+---------------------------------------------+---------------+
; Resource                                    ; Usage         ;
+---------------------------------------------+---------------+
; Estimate of Logic utilization (ALMs needed) ; 128           ;
;                                             ;               ;
; Combinational ALUT usage for logic          ; 218           ;
;     -- 7 input functions                    ; 32            ;
;     -- 6 input functions                    ; 5             ;
;     -- 5 input functions                    ; 69            ;
;     -- 4 input functions                    ; 70            ;
;     -- <=3 input functions                  ; 42            ;
;                                             ;               ;
; Dedicated logic registers                   ; 0             ;
;                                             ;               ;
; I/O pins                                    ; 266           ;
;                                             ;               ;
; Total DSP Blocks                            ; 0             ;
;                                             ;               ;
; Maximum fan-out node                        ; ALU_SRC~input ;
; Maximum fan-out                             ; 96            ;
; Total fan-out                               ; 1395          ;
; Average fan-out                             ; 1.86          ;
+---------------------------------------------+---------------+


+----------------------------------------------------------------------------------------------------------------------------------------------------------------------------------------------------------------------------+
; Analysis & Synthesis Resource Utilization by Entity                                                                                                                                                                        ;
+------------------------------------+---------------------+---------------------------+-------------------+------------+------+--------------+----------------------------------------------+----------------+--------------+
; Compilation Hierarchy Node         ; Combinational ALUTs ; Dedicated Logic Registers ; Block Memory Bits ; DSP Blocks ; Pins ; Virtual Pins ; Full Hierarchy Name                          ; Entity Name    ; Library Name ;
+------------------------------------+---------------------+---------------------------+-------------------+------------+------+--------------+----------------------------------------------+----------------+--------------+
; |ETAGE_EXECUTE                     ; 218 (0)             ; 0 (0)                     ; 0                 ; 0          ; 266  ; 0            ; |ETAGE_EXECUTE                               ; ETAGE_EXECUTE  ; work         ;
;    |ALU_DECODER:ALU_DECOD|         ; 6 (6)               ; 0 (0)                     ; 0                 ; 0          ; 0    ; 0            ; |ETAGE_EXECUTE|ALU_DECODER:ALU_DECOD         ; ALU_DECODER    ; work         ;
;    |ALU_MIPS1:ALU|                 ; 98 (98)             ; 0 (0)                     ; 0                 ; 0          ; 0    ; 0            ; |ETAGE_EXECUTE|ALU_MIPS1:ALU                 ; ALU_MIPS1      ; work         ;
;    |EX_FORWARDING1:EX_FORWARDING1| ; 6 (6)               ; 0 (0)                     ; 0                 ; 0          ; 0    ; 0            ; |ETAGE_EXECUTE|EX_FORWARDING1:EX_FORWARDING1 ; EX_FORWARDING1 ; work         ;
;    |MUX21:MUX21_ADDR|              ; 5 (5)               ; 0 (0)                     ; 0                 ; 0          ; 0    ; 0            ; |ETAGE_EXECUTE|MUX21:MUX21_ADDR              ; MUX21          ; work         ;
;    |MUX21:MUX21_DATA|              ; 31 (31)             ; 0 (0)                     ; 0                 ; 0          ; 0    ; 0            ; |ETAGE_EXECUTE|MUX21:MUX21_DATA              ; MUX21          ; work         ;
;    |MUX31:MUX31_A|                 ; 36 (36)             ; 0 (0)                     ; 0                 ; 0          ; 0    ; 0            ; |ETAGE_EXECUTE|MUX31:MUX31_A                 ; MUX31          ; work         ;
;    |MUX31:MUX31_B|                 ; 36 (36)             ; 0 (0)                     ; 0                 ; 0          ; 0    ; 0            ; |ETAGE_EXECUTE|MUX31:MUX31_B                 ; MUX31          ; work         ;
+------------------------------------+---------------------+---------------------------+-------------------+------------+------+--------------+----------------------------------------------+----------------+--------------+
Note: For table entries with two numbers listed, the numbers in parentheses indicate the number of resources of the given type used by the specific entity alone. The numbers listed outside of parentheses indicate the total resources of the given type used by the specific entity and all of its sub-entities in the hierarchy.


+------------------------------------------------------------------------------------------------------------+
; User-Specified and Inferred Latches                                                                        ;
+----------------------------------------------------+------------------------------+------------------------+
; Latch Name                                         ; Latch Enable Signal          ; Free of Timing Hazards ;
+----------------------------------------------------+------------------------------+------------------------+
; ALU_DECODER:ALU_DECOD|F[2]                         ; ALU_DECODER:ALU_DECOD|Equal0 ; yes                    ;
; ALU_DECODER:ALU_DECOD|F[0]                         ; ALU_DECODER:ALU_DECOD|Equal0 ; yes                    ;
; ALU_DECODER:ALU_DECOD|F[1]                         ; ALU_DECODER:ALU_DECOD|Equal0 ; yes                    ;
; Number of user-specified and inferred latches = 3  ;                              ;                        ;
+----------------------------------------------------+------------------------------+------------------------+
Note: All latches listed above may not be present at the end of synthesis due to various synthesis optimizations.


+------------------------------------------------------+
; General Register Statistics                          ;
+----------------------------------------------+-------+
; Statistic                                    ; Value ;
+----------------------------------------------+-------+
; Total registers                              ; 0     ;
; Number of registers using Synchronous Clear  ; 0     ;
; Number of registers using Synchronous Load   ; 0     ;
; Number of registers using Asynchronous Clear ; 0     ;
; Number of registers using Asynchronous Load  ; 0     ;
; Number of registers using Clock Enable       ; 0     ;
; Number of registers using Preset             ; 0     ;
+----------------------------------------------+-------+


+--------------------------------------------------------------------------------------------------------------------------------------------------+
; Multiplexer Restructuring Statistics (Restructuring Performed)                                                                                   ;
+--------------------+-----------+---------------+----------------------+------------------------+------------+------------------------------------+
; Multiplexer Inputs ; Bus Width ; Baseline Area ; Area if Restructured ; Saving if Restructured ; Registered ; Example Multiplexer Output         ;
+--------------------+-----------+---------------+----------------------+------------------------+------------+------------------------------------+
; 4:1                ; 32 bits   ; 64 LEs        ; 64 LEs               ; 0 LEs                  ; No         ; |ETAGE_EXECUTE|MUX31:MUX31_B|Mux31 ;
; 4:1                ; 32 bits   ; 64 LEs        ; 64 LEs               ; 0 LEs                  ; No         ; |ETAGE_EXECUTE|MUX31:MUX31_A|Mux2  ;
; 8:1                ; 31 bits   ; 155 LEs       ; 155 LEs              ; 0 LEs                  ; No         ; |ETAGE_EXECUTE|ALU_MIPS1:ALU|Mux5  ;
+--------------------+-----------+---------------+----------------------+------------------------+------------+------------------------------------+


+------------------------------------------------------------+
; Parameter Settings for User Entity Instance: MUX31:MUX31_A ;
+----------------+-------+-----------------------------------+
; Parameter Name ; Value ; Type                              ;
+----------------+-------+-----------------------------------+
; n              ; 32    ; Signed Integer                    ;
+----------------+-------+-----------------------------------+
Note: In order to hide this table in the UI and the text report file, please set the "Show Parameter Settings in Synthesis Report" option in "Analysis and Synthesis Settings -> More Settings" to "Off".


+------------------------------------------------------------+
; Parameter Settings for User Entity Instance: MUX31:MUX31_B ;
+----------------+-------+-----------------------------------+
; Parameter Name ; Value ; Type                              ;
+----------------+-------+-----------------------------------+
; n              ; 32    ; Signed Integer                    ;
+----------------+-------+-----------------------------------+
Note: In order to hide this table in the UI and the text report file, please set the "Show Parameter Settings in Synthesis Report" option in "Analysis and Synthesis Settings -> More Settings" to "Off".


+---------------------------------------------------------------+
; Parameter Settings for User Entity Instance: MUX21:MUX21_ADDR ;
+----------------+-------+--------------------------------------+
; Parameter Name ; Value ; Type                                 ;
+----------------+-------+--------------------------------------+
; n              ; 5     ; Signed Integer                       ;
+----------------+-------+--------------------------------------+
Note: In order to hide this table in the UI and the text report file, please set the "Show Parameter Settings in Synthesis Report" option in "Analysis and Synthesis Settings -> More Settings" to "Off".


+---------------------------------------------------------------+
; Parameter Settings for User Entity Instance: MUX21:MUX21_DATA ;
+----------------+-------+--------------------------------------+
; Parameter Name ; Value ; Type                                 ;
+----------------+-------+--------------------------------------+
; n              ; 32    ; Signed Integer                       ;
+----------------+-------+--------------------------------------+
Note: In order to hide this table in the UI and the text report file, please set the "Show Parameter Settings in Synthesis Report" option in "Analysis and Synthesis Settings -> More Settings" to "Off".


+----------------------------------------------------------------------------------------------------------------+
; Port Connectivity Checks: "ALU_MIPS1:ALU"                                                                      ;
+------+--------+----------+-------------------------------------------------------------------------------------+
; Port ; Type   ; Severity ; Details                                                                             ;
+------+--------+----------+-------------------------------------------------------------------------------------+
; z    ; Output ; Info     ; Connected to dangling logic. Logic that only feeds a dangling port will be removed. ;
+------+--------+----------+-------------------------------------------------------------------------------------+


+-----------------------------------------------------+
; Post-Synthesis Netlist Statistics for Top Partition ;
+-----------------------+-----------------------------+
; Type                  ; Count                       ;
+-----------------------+-----------------------------+
; arriav_lcell_comb     ; 218                         ;
;     arith             ; 65                          ;
;         0 data inputs ; 1                           ;
;         4 data inputs ; 64                          ;
;     extend            ; 32                          ;
;         7 data inputs ; 32                          ;
;     normal            ; 121                         ;
;         2 data inputs ; 5                           ;
;         3 data inputs ; 36                          ;
;         4 data inputs ; 6                           ;
;         5 data inputs ; 69                          ;
;         6 data inputs ; 5                           ;
; boundary_port         ; 266                         ;
;                       ;                             ;
; Max LUT depth         ; 8.10                        ;
; Average LUT depth     ; 5.75                        ;
+-----------------------+-----------------------------+


+-------------------------------+
; Elapsed Time Per Partition    ;
+----------------+--------------+
; Partition Name ; Elapsed Time ;
+----------------+--------------+
; Top            ; 00:00:00     ;
+----------------+--------------+


+-------------------------------+
; Analysis & Synthesis Messages ;
+-------------------------------+
Info: *******************************************************************
Info: Running Quartus Prime Analysis & Synthesis
    Info: Version 20.1.1 Build 720 11/11/2020 SJ Lite Edition
    Info: Processing started: Wed Nov 22 23:03:59 2023
Info: Command: quartus_map --read_settings_files=on --write_settings_files=off ETAGE_EXECUTE -c ETAGE_EXECUTE
Warning (18236): Number of processors has not been specified which may cause overloading on shared machines.  Set the global assignment NUM_PARALLEL_PROCESSORS in your QSF to an appropriate value for best performance.
Info (20030): Parallel compilation is enabled and will use 4 of the 4 processors detected
Info (12021): Found 2 design units, including 1 entities, in source file /users/lenovo/desktop/nabil/mips_vhdl/mux31/src/mux31.vhd
    Info (12022): Found design unit 1: MUX31-RTL File: C:/Users/LENOVO/Desktop/Nabil/MIPS_VHDL/MUX31/src/MUX31.vhd Line: 10
    Info (12023): Found entity 1: MUX31 File: C:/Users/LENOVO/Desktop/Nabil/MIPS_VHDL/MUX31/src/MUX31.vhd Line: 3
Info (12021): Found 2 design units, including 1 entities, in source file /users/lenovo/desktop/nabil/mips_vhdl/mux21/src/mux21.vhd
    Info (12022): Found design unit 1: MUX21-RTL File: C:/Users/LENOVO/Desktop/Nabil/MIPS_VHDL/MUX21/src/MUX21.vhd Line: 10
    Info (12023): Found entity 1: MUX21 File: C:/Users/LENOVO/Desktop/Nabil/MIPS_VHDL/MUX21/src/MUX21.vhd Line: 3
Info (12021): Found 2 design units, including 1 entities, in source file /users/lenovo/desktop/nabil/mips_vhdl/ex_forwording/src/ex_forwarding1.vhd
    Info (12022): Found design unit 1: EX_FORWARDING1-rtl File: C:/Users/LENOVO/Desktop/Nabil/MIPS_VHDL/EX_FORWORDING/src/EX_FORWARDING1.vhd Line: 13
    Info (12023): Found entity 1: EX_FORWARDING1 File: C:/Users/LENOVO/Desktop/Nabil/MIPS_VHDL/EX_FORWORDING/src/EX_FORWARDING1.vhd Line: 4
Info (12021): Found 2 design units, including 1 entities, in source file /users/lenovo/desktop/nabil/mips_vhdl/alu/src/alu_mips1.vhd
    Info (12022): Found design unit 1: ALU_MIPS1-rtl File: C:/Users/LENOVO/Desktop/Nabil/MIPS_VHDL/ALU/src/ALU_MIPS1.vhd Line: 12
    Info (12023): Found entity 1: ALU_MIPS1 File: C:/Users/LENOVO/Desktop/Nabil/MIPS_VHDL/ALU/src/ALU_MIPS1.vhd Line: 5
Info (12021): Found 2 design units, including 1 entities, in source file /users/lenovo/desktop/nabil/mips_vhdl/alu_decoder/src/alu_decoder.vhd
    Info (12022): Found design unit 1: ALU_DECODER-rtl File: C:/Users/LENOVO/Desktop/Nabil/MIPS_VHDL/ALU_DECODER/src/ALU_DECODER.vhd Line: 10
    Info (12023): Found entity 1: ALU_DECODER File: C:/Users/LENOVO/Desktop/Nabil/MIPS_VHDL/ALU_DECODER/src/ALU_DECODER.vhd Line: 4
Info (12021): Found 2 design units, including 1 entities, in source file src/etage_execute.vhd
    Info (12022): Found design unit 1: ETAGE_EXECUTE-rtl File: C:/Users/LENOVO/Desktop/Nabil/MIPS_VHDL/ETAGE_EXECUTE/src/ETAGE_EXECUTE.vhd Line: 15
    Info (12023): Found entity 1: ETAGE_EXECUTE File: C:/Users/LENOVO/Desktop/Nabil/MIPS_VHDL/ETAGE_EXECUTE/src/ETAGE_EXECUTE.vhd Line: 4
Info (12127): Elaborating entity "ETAGE_EXECUTE" for the top level hierarchy
Info (12128): Elaborating entity "MUX31" for hierarchy "MUX31:MUX31_A" File: C:/Users/LENOVO/Desktop/Nabil/MIPS_VHDL/ETAGE_EXECUTE/src/ETAGE_EXECUTE.vhd Line: 24
Info (12128): Elaborating entity "MUX21" for hierarchy "MUX21:MUX21_ADDR" File: C:/Users/LENOVO/Desktop/Nabil/MIPS_VHDL/ETAGE_EXECUTE/src/ETAGE_EXECUTE.vhd Line: 33
Info (12128): Elaborating entity "MUX21" for hierarchy "MUX21:MUX21_DATA" File: C:/Users/LENOVO/Desktop/Nabil/MIPS_VHDL/ETAGE_EXECUTE/src/ETAGE_EXECUTE.vhd Line: 37
Info (12128): Elaborating entity "ALU_MIPS1" for hierarchy "ALU_MIPS1:ALU" File: C:/Users/LENOVO/Desktop/Nabil/MIPS_VHDL/ETAGE_EXECUTE/src/ETAGE_EXECUTE.vhd Line: 41
Info (12128): Elaborating entity "ALU_DECODER" for hierarchy "ALU_DECODER:ALU_DECOD" File: C:/Users/LENOVO/Desktop/Nabil/MIPS_VHDL/ETAGE_EXECUTE/src/ETAGE_EXECUTE.vhd Line: 44
Warning (10631): VHDL Process Statement warning at ALU_DECODER.vhd(12): inferring latch(es) for signal or variable "F", which holds its previous value in one or more paths through the process File: C:/Users/LENOVO/Desktop/Nabil/MIPS_VHDL/ALU_DECODER/src/ALU_DECODER.vhd Line: 12
Info (10041): Inferred latch for "F[0]" at ALU_DECODER.vhd(12) File: C:/Users/LENOVO/Desktop/Nabil/MIPS_VHDL/ALU_DECODER/src/ALU_DECODER.vhd Line: 12
Info (10041): Inferred latch for "F[1]" at ALU_DECODER.vhd(12) File: C:/Users/LENOVO/Desktop/Nabil/MIPS_VHDL/ALU_DECODER/src/ALU_DECODER.vhd Line: 12
Info (10041): Inferred latch for "F[2]" at ALU_DECODER.vhd(12) File: C:/Users/LENOVO/Desktop/Nabil/MIPS_VHDL/ALU_DECODER/src/ALU_DECODER.vhd Line: 12
Info (12128): Elaborating entity "EX_FORWARDING1" for hierarchy "EX_FORWARDING1:EX_FORWARDING1" File: C:/Users/LENOVO/Desktop/Nabil/MIPS_VHDL/ETAGE_EXECUTE/src/ETAGE_EXECUTE.vhd Line: 47
Warning (13012): Latch ALU_DECODER:ALU_DECOD|F[2] has unsafe behavior File: C:/Users/LENOVO/Desktop/Nabil/MIPS_VHDL/ALU_DECODER/src/ALU_DECODER.vhd Line: 12
    Warning (13013): Ports ENA and PRE on the latch are fed by the same signal ALUOP[0] File: C:/Users/LENOVO/Desktop/Nabil/MIPS_VHDL/ETAGE_EXECUTE/src/ETAGE_EXECUTE.vhd Line: 6
Info (286030): Timing-Driven Synthesis is running
Info (16010): Generating hard_block partition "hard_block:auto_generated_inst"
    Info (16011): Adding 0 node(s), including 0 DDIO, 0 PLL, 0 transceiver and 0 LCELL
Warning (21074): Design contains 3 input pin(s) that do not drive logic
    Warning (15610): No output dependent on input pin "FUNCT[3]" File: C:/Users/LENOVO/Desktop/Nabil/MIPS_VHDL/ETAGE_EXECUTE/src/ETAGE_EXECUTE.vhd Line: 9
    Warning (15610): No output dependent on input pin "FUNCT[4]" File: C:/Users/LENOVO/Desktop/Nabil/MIPS_VHDL/ETAGE_EXECUTE/src/ETAGE_EXECUTE.vhd Line: 9
    Warning (15610): No output dependent on input pin "FUNCT[5]" File: C:/Users/LENOVO/Desktop/Nabil/MIPS_VHDL/ETAGE_EXECUTE/src/ETAGE_EXECUTE.vhd Line: 9
Info (21057): Implemented 484 device resources after synthesis - the final resource count might be different
    Info (21058): Implemented 197 input pins
    Info (21059): Implemented 69 output pins
    Info (21061): Implemented 218 logic cells
Info: Quartus Prime Analysis & Synthesis was successful. 0 errors, 8 warnings
    Info: Peak virtual memory: 4849 megabytes
    Info: Processing ended: Wed Nov 22 23:04:07 2023
    Info: Elapsed time: 00:00:08
    Info: Total CPU time (on all processors): 00:00:17


